<?xml version="1.0" encoding="UTF-8"?>
<!-- Generated by org.testng.reporters.JUnitReportReporter -->
<testsuite hostname="DESKTOP-55K9IPC" failures="0" tests="6" name="api.test.DDTests" time="14.458" errors="0" timestamp="2024-12-16T15:12:31 IST" skipped="0">
  <testcase classname="api.test.DDTests" name="testPostUSer" time="1.470"/>
  <testcase classname="api.test.DDTests" name="testPostUSer" time="1.913"/>
  <testcase classname="api.test.DDTests" name="testPostUSer" time="6.225"/>
  <testcase classname="api.test.DDTests" name="testDeleteUSerByName" time="1.812"/>
  <testcase classname="api.test.DDTests" name="testDeleteUSerByName" time="1.442"/>
  <testcase classname="api.test.DDTests" name="testDeleteUSerByName" time="1.596"/>
</testsuite> <!-- api.test.DDTests -->
