<?xml version="1.0" encoding="UTF-8"?>
<!-- Generated by org.testng.reporters.JUnitReportReporter -->
<testsuite hostname="DESKTOP-55K9IPC" failures="0" tests="4" name="api.test.UserTests" time="11.746" errors="0" timestamp="2024-12-16T16:59:42 IST" skipped="0">
  <testcase classname="api.test.UserTests" name="testPostUser" time="5.868"/>
  <testcase classname="api.test.UserTests" name="testGetUserByName" time="1.523"/>
  <testcase classname="api.test.UserTests" name="testUpdateUserByName" time="2.784"/>
  <testcase classname="api.test.UserTests" name="testDeleteUSerByName" time="1.571"/>
</testsuite> <!-- api.test.UserTests -->
