<?xml version="1.0" encoding="UTF-8"?>
<!-- Generated by org.testng.reporters.JUnitReportReporter -->
<testsuite hostname="DESKTOP-55K9IPC" failures="0" tests="4" name="api.test.UserTests" time="39.427" errors="0" timestamp="2024-12-16T21:16:43 IST" skipped="0">
  <testcase classname="api.test.UserTests" name="testPostUser" time="12.426"/>
  <testcase classname="api.test.UserTests" name="testGetUserByName" time="22.583"/>
  <testcase classname="api.test.UserTests" name="testUpdateUserByName" time="2.968"/>
  <testcase classname="api.test.UserTests" name="testDeleteUSerByName" time="1.450"/>
</testsuite> <!-- api.test.UserTests -->
